2026-01-25T17:44:56: SQLite DB initialized: ./pod.db
2026-01-25T17:44:56: Scheduler started, alert checker running (60000ms interval)
Error: bind EADDRINUSE 0.0.0.0:3000
    at listenOnPrimaryHandle (node:net:1989:18)
    at rr (node:internal/cluster/child:163:12)
    at Worker.<anonymous> (node:internal/cluster/child:113:7)
    at process.onInternalMessage (node:internal/cluster/utils:49:5)
    at process.emit (node:events:536:35)
    at emit (node:internal/child_process:950:14)
    at process.processTicksAndRejections (node:internal/process/task_queues:83:21)
2026-01-25T17:44:57: SQLite DB initialized: ./pod.db
2026-01-25T17:44:57: Scheduler started, alert checker running (60000ms interval)
Error: bind EADDRINUSE 0.0.0.0:3000
    at listenOnPrimaryHandle (node:net:1989:18)
    at rr (node:internal/cluster/child:163:12)
    at Worker.<anonymous> (node:internal/cluster/child:113:7)
    at process.onInternalMessage (node:internal/cluster/utils:49:5)
    at process.emit (node:events:536:35)
    at emit (node:internal/child_process:950:14)
    at process.processTicksAndRejections (node:internal/process/task_queues:83:21)
2026-01-25T17:44:57: SQLite DB initialized: ./pod.db
2026-01-25T17:44:57: Scheduler started, alert checker running (60000ms interval)
Error: bind EADDRINUSE 0.0.0.0:3000
    at listenOnPrimaryHandle (node:net:1989:18)
    at rr (node:internal/cluster/child:163:12)
    at Worker.<anonymous> (node:internal/cluster/child:113:7)
    at process.onInternalMessage (node:internal/cluster/utils:49:5)
    at process.emit (node:events:536:35)
    at emit (node:internal/child_process:950:14)
    at process.processTicksAndRejections (node:internal/process/task_queues:83:21)
2026-01-25T17:44:58: SQLite DB initialized: ./pod.db
2026-01-25T17:44:58: Scheduler started, alert checker running (60000ms interval)
Error: bind EADDRINUSE 0.0.0.0:3000
    at listenOnPrimaryHandle (node:net:1989:18)
    at rr (node:internal/cluster/child:163:12)
    at Worker.<anonymous> (node:internal/cluster/child:113:7)
    at process.onInternalMessage (node:internal/cluster/utils:49:5)
    at process.emit (node:events:536:35)
    at emit (node:internal/child_process:950:14)
    at process.processTicksAndRejections (node:internal/process/task_queues:83:21)
2026-01-25T17:44:59: SQLite DB initialized: ./pod.db
2026-01-25T17:44:59: Scheduler started, alert checker running (60000ms interval)
Error: bind EADDRINUSE 0.0.0.0:3000
    at listenOnPrimaryHandle (node:net:1989:18)
    at rr (node:internal/cluster/child:163:12)
    at Worker.<anonymous> (node:internal/cluster/child:113:7)
    at process.onInternalMessage (node:internal/cluster/utils:49:5)
    at process.emit (node:events:536:35)
    at emit (node:internal/child_process:950:14)
    at process.processTicksAndRejections (node:internal/process/task_queues:83:21)
2026-01-25T17:44:59: SQLite DB initialized: ./pod.db
2026-01-25T17:44:59: Scheduler started, alert checker running (60000ms interval)
Error: bind EADDRINUSE 0.0.0.0:3000
    at listenOnPrimaryHandle (node:net:1989:18)
    at rr (node:internal/cluster/child:163:12)
    at Worker.<anonymous> (node:internal/cluster/child:113:7)
    at process.onInternalMessage (node:internal/cluster/utils:49:5)
    at process.emit (node:events:536:35)
    at emit (node:internal/child_process:950:14)
    at process.processTicksAndRejections (node:internal/process/task_queues:83:21)
2026-01-25T17:44:59: SQLite DB initialized: ./pod.db
2026-01-25T17:44:59: Scheduler started, alert checker running (60000ms interval)
Error: bind EADDRINUSE 0.0.0.0:3000
    at listenOnPrimaryHandle (node:net:1989:18)
    at rr (node:internal/cluster/child:163:12)
    at Worker.<anonymous> (node:internal/cluster/child:113:7)
    at process.onInternalMessage (node:internal/cluster/utils:49:5)
    at process.emit (node:events:536:35)
    at emit (node:internal/child_process:950:14)
    at process.processTicksAndRejections (node:internal/process/task_queues:83:21)
2026-01-25T17:45:00: SQLite DB initialized: ./pod.db
2026-01-25T17:45:00: Scheduler started, alert checker running (60000ms interval)
Error: bind EADDRINUSE 0.0.0.0:3000
    at listenOnPrimaryHandle (node:net:1989:18)
    at rr (node:internal/cluster/child:163:12)
    at Worker.<anonymous> (node:internal/cluster/child:113:7)
    at process.onInternalMessage (node:internal/cluster/utils:49:5)
    at process.emit (node:events:536:35)
    at emit (node:internal/child_process:950:14)
    at process.processTicksAndRejections (node:internal/process/task_queues:83:21)
2026-01-25T17:45:00: SQLite DB initialized: ./pod.db
2026-01-25T17:45:00: Scheduler started, alert checker running (60000ms interval)
Error: bind EADDRINUSE 0.0.0.0:3000
    at listenOnPrimaryHandle (node:net:1989:18)
    at rr (node:internal/cluster/child:163:12)
    at Worker.<anonymous> (node:internal/cluster/child:113:7)
    at process.onInternalMessage (node:internal/cluster/utils:49:5)
    at process.emit (node:events:536:35)
    at emit (node:internal/child_process:950:14)
    at process.processTicksAndRejections (node:internal/process/task_queues:83:21)
2026-01-25T17:45:01: SQLite DB initialized: ./pod.db
2026-01-25T17:45:01: Scheduler started, alert checker running (60000ms interval)
Error: bind EADDRINUSE 0.0.0.0:3000
    at listenOnPrimaryHandle (node:net:1989:18)
    at rr (node:internal/cluster/child:163:12)
    at Worker.<anonymous> (node:internal/cluster/child:113:7)
    at process.onInternalMessage (node:internal/cluster/utils:49:5)
    at process.emit (node:events:536:35)
    at emit (node:internal/child_process:950:14)
    at process.processTicksAndRejections (node:internal/process/task_queues:83:21)
2026-01-25T17:45:02: SQLite DB initialized: ./pod.db
2026-01-25T17:45:02: Scheduler started, alert checker running (60000ms interval)
Error: bind EADDRINUSE 0.0.0.0:3000
    at listenOnPrimaryHandle (node:net:1989:18)
    at rr (node:internal/cluster/child:163:12)
    at Worker.<anonymous> (node:internal/cluster/child:113:7)
    at process.onInternalMessage (node:internal/cluster/utils:49:5)
    at process.emit (node:events:536:35)
    at emit (node:internal/child_process:950:14)
    at process.processTicksAndRejections (node:internal/process/task_queues:83:21)
2026-01-25T17:45:02: SQLite DB initialized: ./pod.db
2026-01-25T17:45:02: Scheduler started, alert checker running (60000ms interval)
Error: bind EADDRINUSE 0.0.0.0:3000
    at listenOnPrimaryHandle (node:net:1989:18)
    at rr (node:internal/cluster/child:163:12)
    at Worker.<anonymous> (node:internal/cluster/child:113:7)
    at process.onInternalMessage (node:internal/cluster/utils:49:5)
    at process.emit (node:events:536:35)
    at emit (node:internal/child_process:950:14)
    at process.processTicksAndRejections (node:internal/process/task_queues:83:21)
2026-01-25T17:45:03: SQLite DB initialized: ./pod.db
2026-01-25T17:45:03: Scheduler started, alert checker running (60000ms interval)
Error: bind EADDRINUSE 0.0.0.0:3000
    at listenOnPrimaryHandle (node:net:1989:18)
    at rr (node:internal/cluster/child:163:12)
    at Worker.<anonymous> (node:internal/cluster/child:113:7)
    at process.onInternalMessage (node:internal/cluster/utils:49:5)
    at process.emit (node:events:536:35)
    at emit (node:internal/child_process:950:14)
    at process.processTicksAndRejections (node:internal/process/task_queues:83:21)
2026-01-25T17:45:03: SQLite DB initialized: ./pod.db
2026-01-25T17:45:03: Scheduler started, alert checker running (60000ms interval)
Error: bind EADDRINUSE 0.0.0.0:3000
    at listenOnPrimaryHandle (node:net:1989:18)
    at rr (node:internal/cluster/child:163:12)
    at Worker.<anonymous> (node:internal/cluster/child:113:7)
    at process.onInternalMessage (node:internal/cluster/utils:49:5)
    at process.emit (node:events:536:35)
    at emit (node:internal/child_process:950:14)
    at process.processTicksAndRejections (node:internal/process/task_queues:83:21)
2026-01-25T17:45:04: SQLite DB initialized: ./pod.db
2026-01-25T17:45:04: Scheduler started, alert checker running (60000ms interval)
Error: bind EADDRINUSE 0.0.0.0:3000
    at listenOnPrimaryHandle (node:net:1989:18)
    at rr (node:internal/cluster/child:163:12)
    at Worker.<anonymous> (node:internal/cluster/child:113:7)
    at process.onInternalMessage (node:internal/cluster/utils:49:5)
    at process.emit (node:events:536:35)
    at emit (node:internal/child_process:950:14)
    at process.processTicksAndRejections (node:internal/process/task_queues:83:21)
2026-01-25T17:45:04: SQLite DB initialized: ./pod.db
2026-01-25T17:45:04: Scheduler started, alert checker running (60000ms interval)
Error: bind EADDRINUSE 0.0.0.0:3000
    at listenOnPrimaryHandle (node:net:1989:18)
    at rr (node:internal/cluster/child:163:12)
    at Worker.<anonymous> (node:internal/cluster/child:113:7)
    at process.onInternalMessage (node:internal/cluster/utils:49:5)
    at process.emit (node:events:536:35)
    at emit (node:internal/child_process:950:14)
    at process.processTicksAndRejections (node:internal/process/task_queues:83:21)
